[LOG] System::create                           : Header version = 2.00.05. Current version = 2.00.05.
[LOG] Manager::init                            : maxchannels = 256 studioflags = 00000006 flags 00000000 extradriverdata 0000000000000000.
[LOG] SystemI::init                            : Initialize version=20005 (105402), maxchannels=256, flags=0x00020000
[LOG] SystemI::setOutputInternal               : Setting output to 'FMOD WASAPI Output'
[LOG] OutputWASAPI::init                       : Mix Format (WAVEFORMATEX): wFormatTag=0xFFFE, nChannels=2, nSamplesPerSec=44100, nAvgBytesPerSec=352800, nBlockAlign=8, wBitsPerSample=32, cbSize=22.
[LOG] OutputWASAPI::init                       : Mix Format (WAVEFORMATEXTENSIBLE): wValidBitsPerSample=32, dwChannelMask=0x00000003, SubFormat=00000003-0000-0010-8000-00AA00389B71.
[LOG] OutputWASAPI::init                       : Output buffer size: 3760 samples, latency: 0.00ms, period: 10.00ms, DSP buffer: 1024 * 4
[WRN] SystemI::init                            : Output requires a sample rate of 44100Hz, resampling will occur.
[LOG] Thread::initThread                       : Init FMOD stream thread. Priority: 2, Stack Size: 98304, Semaphore: No, Sleep Time: 10, Looping: Yes.
[LOG] Thread::initThread                       : Init FMOD mixer thread. Priority: 3, Stack Size: 81920, Semaphore: No, Sleep Time: 0, Looping: Yes.
[LOG] AsyncManager::init                       : manager 0000020E427EECE8 isAsync 0 updatePeriod 0.02
[LOG] AsyncManager::init                       : done
[LOG] PlaybackSystem::init                     : 
[LOG] Thread::initThread                       : Init FMOD Studio sample load thread. Priority: 0, Stack Size: 98304, Semaphore: No, Sleep Time: 1, Looping: No.
[LOG] PlaybackSystem::init                     : done
[LOG] Thread::initThread                       : Init FMOD Studio bank load thread. Priority: 0, Stack Size: 98304, Semaphore: No, Sleep Time: 1, Looping: No.
[LOG] Manager::init                            : done.
[LOG] SystemI::createSound                     : filename = Assets\Build\Desktop/Master Bank.bank : mode 02010082
[LOG] SystemI::createSound                     : FMOD_NONBLOCKING specified.  Putting into queue to be opened asynchronously!
[LOG] Thread::initThread                       : Init FMOD nonblocking thread (0). Priority: 1, Stack Size: 114688, Semaphore: Yes, Sleep Time: 0, Looping: Yes.
[LOG] SystemI::createSound                     : setdata soundi = 0000020E672543C8 : node = 0000020E6A7E2AB0
[LOG] SystemI::createSound                     : add node to async list : head = 0000020E42369BE8.  list count = 0
[LOG] SystemI::createSound                     : filename = Assets\Build\Desktop/Master Bank.bank : mode 02010082
[LOG] SystemI::createSound                     : FMOD_NONBLOCKING specified.  Putting into queue to be opened asynchronously!
[LOG] SystemI::createSound                     : setdata soundi = 0000020E67254A88 : node = 0000020E6A7E2E70
[LOG] SystemI::createSound                     : add node to async list : head = 0000020E42369BE8.  list count = 0
[LOG] AsyncThread::threadFunc                  : Starting Asynchronous operation on sound 0000020E672543C8
[LOG] SystemI::createSoundInternal             :     Create name='Assets\Build\Desktop/Master Bank.bank', mode=0x02010082
[LOG] SystemI::createSoundInternal             :     exinfo->cbsize             = 224
[LOG] SystemI::createSoundInternal             :     exinfo->length             = 2983872
[LOG] SystemI::createSoundInternal             :     exinfo->fileoffset         = 59456
[LOG] SystemI::createSoundInternal             :     exinfo->numsubsounds       = 1
[LOG] SystemI::createSoundInternal             :     exinfo->inclusionlist      = 0000020E6A7E2BC0
[LOG] SystemI::createSoundInternal             :     exinfo->inclusionlistnum   = 1
[LOG] SystemI::createSoundInternal             :     exinfo->suggestedsoundtype = 5
[LOG] SystemI::createSoundInternal             :     exinfo->initialseekposition = 1250
[LOG] SystemI::createSoundInternal             :     exinfo->initialseekpostype = 1
[LOG] SystemI::createSoundInternal             :     Stream 0/1: name='7904_FouleAppleause', format=2, channels=2, frequency=48000, lengthbytes=146816, lengthpcm=544896, pcmblocksize=0, loopstart=0, loopend=0, mode=0x00000000, channelmask=0x00000000, channelorder=0, peakvolume=0.963745.
[LOG] Thread::initThread                       :     Init FMOD file thread. Priority: 1, Stack Size: 49152, Semaphore: No, Sleep Time: 10, Looping: Yes.
[LOG] AsyncThread::threadFunc                  : Finished Asynchronous operation on sound 0000020E672543C8
[LOG] AsyncThread::threadFunc                  : Starting Asynchronous operation on sound 0000020E67254A88
[LOG] SystemI::createSoundInternal             :     Create name='Assets\Build\Desktop/Master Bank.bank', mode=0x02010082
[LOG] SystemI::createSoundInternal             :     exinfo->cbsize             = 224
[LOG] SystemI::createSoundInternal             :     exinfo->length             = 2983872
[LOG] SystemI::createSoundInternal             :     exinfo->fileoffset         = 59456
[LOG] SystemI::createSoundInternal             :     exinfo->numsubsounds       = 1
[LOG] SystemI::createSoundInternal             :     exinfo->inclusionlist      = 0000020E6A7E2F80
[LOG] SystemI::createSoundInternal             :     exinfo->inclusionlistnum   = 1
[LOG] SystemI::createSoundInternal             :     exinfo->suggestedsoundtype = 5
[LOG] SystemI::createSoundInternal             :     exinfo->initialseekposition = 71943
[LOG] SystemI::createSoundInternal             :     exinfo->initialseekpostype = 1
[LOG] SystemI::createSoundInternal             :     Stream 0/1: name='9674_ReactionMatch', format=2, channels=2, frequency=48000, lengthbytes=1106848, lengthpcm=3907584, pcmblocksize=0, loopstart=0, loopend=0, mode=0x00000000, channelmask=0x00000000, channelorder=0, peakvolume=0.884308.
[LOG] AsyncThread::threadFunc                  : Finished Asynchronous operation on sound 0000020E67254A88
[LOG] SoundI::getSubSound                      : sound 0000020E672543C8.  Subsound index 0 / 1
[LOG] SoundI::getSubSound                      : sound 0000020E67254A88.  Subsound index 0 / 1
[LOG] SoundI::release                          : 9674_ReactionMatch (0000020E67254A88)
[LOG] SoundI::release                          :     9674_ReactionMatch (0000020E4236C338)
[LOG] SoundI::release                          :     9674_ReactionMatch (0000020E49C884F8)
[LOG] SoundI::release                          : 7904_FouleAppleause (0000020E672543C8)
[LOG] SoundI::release                          :     7904_FouleAppleause (0000020E4236B2F8)
[LOG] SoundI::release                          :     7904_FouleAppleause (0000020E49C88348)
[LOG] SystemI::createSound                     : filename = Assets\Build\Desktop/Master Bank.bank : mode 02010082
[LOG] SystemI::createSound                     : FMOD_NONBLOCKING specified.  Putting into queue to be opened asynchronously!
[LOG] SystemI::createSound                     : setdata soundi = 0000020E42E90788 : node = 0000020E1434FB10
[LOG] SystemI::createSound                     : add node to async list : head = 0000020E42369BE8.  list count = 0
[LOG] AsyncThread::threadFunc                  : Starting Asynchronous operation on sound 0000020E42E90788
[LOG] SystemI::createSoundInternal             :     Create name='Assets\Build\Desktop/Master Bank.bank', mode=0x02010082
[LOG] SystemI::createSoundInternal             :     exinfo->cbsize             = 224
[LOG] SystemI::createSoundInternal             :     exinfo->length             = 2983872
[LOG] SystemI::createSoundInternal             :     exinfo->fileoffset         = 59456
[LOG] SystemI::createSoundInternal             :     exinfo->numsubsounds       = 1
[LOG] SystemI::createSoundInternal             :     exinfo->inclusionlist      = 0000020E1434FC20
[LOG] SystemI::createSoundInternal             :     exinfo->inclusionlistnum   = 1
[LOG] SystemI::createSoundInternal             :     exinfo->suggestedsoundtype = 5
[LOG] SystemI::createSoundInternal             :     exinfo->initialseekposition = 10250
[LOG] SystemI::createSoundInternal             :     exinfo->initialseekpostype = 1
[LOG] SystemI::createSoundInternal             :     Stream 0/1: name='sf-machine-glacon-01', format=2, channels=2, frequency=48000, lengthbytes=268704, lengthpcm=826305, pcmblocksize=0, loopstart=0, loopend=0, mode=0x00000000, channelmask=0x00000000, channelorder=0, peakvolume=0.765686.
[LOG] AsyncThread::threadFunc                  : Finished Asynchronous operation on sound 0000020E42E90788
[LOG] SoundI::getSubSound                      : sound 0000020E42E90788.  Subsound index 0 / 1
[LOG] SoundI::release                          : sf-machine-glacon-01 (0000020E42E90788)
[LOG] SoundI::release                          :     sf-machine-glacon-01 (0000020E4236B2F8)
[LOG] SoundI::release                          :     sf-machine-glacon-01 (0000020E49C87FE8)
[LOG] SoundI::release                          :  (0000020E77A31FE8)
[LOG] SoundI::release                          :     17178_Trompette (0000020E42363918)
[LOG] SoundI::release                          :  (0000020E40909AE8)
[LOG] SoundI::release                          :     7898-Huées (0000020E42362C18)
[LOG] SoundI::release                          :  (0000020E77A31B98)
[LOG] SoundI::release                          :     CoupRecu (0000020E42363778)
[LOG] SoundI::release                          :  (0000020E322E3378)
[LOG] SoundI::release                          :     ButinCombat (0000020E4236BE58)
[LOG] SoundI::release                          :  (0000020E322E3938)
[LOG] SoundI::release                          :     LancementNégociation2 (0000020E4236C678)
[LOG] SoundI::release                          :  (0000020E77A31E78)
[LOG] SoundI::release                          :     ValidationEquipement (0000020E423635D8)
[LOG] SoundI::release                          :  (0000020E77A32158)
[LOG] SoundI::release                          :     EquiperObjet (0000020E423664F8)
[LOG] SoundI::release                          :  (0000020E40CC9068)
[LOG] SoundI::release                          :     DesequiperObjet (0000020E42367A18)
[LOG] SoundI::release                          :  (0000020E6B384D68)
[LOG] SoundI::release                          :     FinNégociation2 (0000020E423676D8)
[LOG] SoundI::release                          :  (0000020E40909C58)
[LOG] SoundI::release                          :     3631_ZapZap2 (0000020E42361A38)
[LOG] SoundI::release                          :  (0000020E40CC91D8)
[LOG] SoundI::release                          :     LancementCombat (0000020E42366358)
[LOG] SoundI::release                          :  (0000020E40909F38)
[LOG] SoundI::release                          :     LAWN_MOWER_Operator_Cutting_2sec_loop_mono (0000020E423654B8)
[LOG] SoundI::release                          :  (0000020E6B384918)
[LOG] SoundI::release                          :     ApparitionRobot (0000020E42366EB8)
[LOG] SoundI::release                          :  (0000020E77A32438)
[LOG] SoundI::release                          :     24_Applaudissement (0000020E42369DD8)
[LOG] SoundI::release                          :  (0000020E77A31748)
[LOG] SoundI::release                          :     2009_levelup (0000020E42365E78)
[LOG] SoundI::release                          :  (0000020E77A31A28)
[LOG] SoundI::release                          :     TIME_WARP_Stop_08_stereo (0000020E42363C58)
[LOG] SoundI::release                          :  (0000020E322E3208)
[LOG] SoundI::release                          :     IdleRobot (0000020E4236CCF8)
[LOG] SoundI::release                          :  (0000020E77A318B8)
[LOG] SoundI::release                          :     1879_Perceuse (0000020E42367BB8)
[LOG] SoundI::release                          :  (0000020E322E3C18)
[LOG] SoundI::release                          :     TIME_WARP_Stop_04_mono (0000020E4236BFF8)
[LOG] SoundI::release                          :  (0000020E6B3847A8)
[LOG] SoundI::release                          :     MACHINE_Air_Compressor_100L_5_5HP_Stop_stereo (0000020E42367538)
[LOG] SoundI::release                          :  (0000020E77A31D08)
[LOG] SoundI::release                          :     3301_DragonHurle (0000020E42365CD8)
[LOG] SoundI::release                          :  (0000020E40909DC8)
[LOG] SoundI::release                          :     CoupDonné (0000020E42362DB8)
[LOG] SoundI::release                          :  (0000020E77A322C8)
[LOG] SoundI::release                          :     ActionPositive (0000020E42366838)
[LOG] SoundI::release                          :  (0000020E40CC9348)
[LOG] SoundI::release                          :     ActionNegative (0000020E42365B38)
[LOG] Thread::callback                         : FMOD Studio update thread finished.
[LOG] Thread::callback                         : FMOD Studio bank load thread finished.
[LOG] Profile::disconnectAll                   : Profiler disconnecting all clients
[LOG] Thread::callback                         : FMOD Studio sample load thread finished.
[LOG] LiveUpdate::release                      : 
[LOG] LiveUpdate::reset                        : Reset connection (reason Disconnected)
[LOG] Thread::callback                         : FMOD stream thread finished.
[LOG] Thread::callback                         : FMOD mixer thread finished.
[LOG] Profile::disconnectAll                   : Profiler disconnecting all clients
[LOG] SystemI::close                           : Closed.
[LOG] Thread::callback                         : FMOD Studio bank load thread finished.
[LOG] Thread::callback                         : FMOD Studio sample load thread finished.
[LOG] LiveUpdate::release                      : 
[LOG] LiveUpdate::reset                        : Reset connection (reason Disconnected)
[LOG] Thread::callback                         : FMOD stream thread finished.
[LOG] Thread::callback                         : FMOD mixer thread finished.
[LOG] Thread::callback                         : FMOD nonblocking thread (0) finished.
[LOG] Thread::callback                         : FMOD file thread finished.
[LOG] SystemI::close                           : Closed.
